c:\users\nguyen huynh minh\source\repos\quanlimaybay\quanlimaybay\debug\vc142.pdb
c:\users\nguyen huynh minh\source\repos\quanlimaybay\quanlimaybay\debug\vc142.idb
c:\users\nguyen huynh minh\source\repos\quanlimaybay\quanlimaybay\debug\ticket.obj
c:\users\nguyen huynh minh\source\repos\quanlimaybay\quanlimaybay\debug\sqlservermanager.obj
c:\users\nguyen huynh minh\source\repos\quanlimaybay\quanlimaybay\debug\querymanager.obj
c:\users\nguyen huynh minh\source\repos\quanlimaybay\quanlimaybay\debug\plane.obj
c:\users\nguyen huynh minh\source\repos\quanlimaybay\quanlimaybay\debug\main.obj
c:\users\nguyen huynh minh\source\repos\quanlimaybay\quanlimaybay\debug\customer.obj
c:\users\nguyen huynh minh\source\repos\quanlimaybay\quanlimaybay\debug\config.obj
c:\users\nguyen huynh minh\source\repos\quanlimaybay\quanlimaybay\debug\bill.obj
c:\users\nguyen huynh minh\source\repos\quanlimaybay\debug\quanlimaybay.pdb
c:\users\nguyen huynh minh\source\repos\quanlimaybay\quanlimaybay\debug\quanlimaybay.tlog\cl.command.1.tlog
c:\users\nguyen huynh minh\source\repos\quanlimaybay\quanlimaybay\debug\quanlimaybay.tlog\cl.read.1.tlog
c:\users\nguyen huynh minh\source\repos\quanlimaybay\quanlimaybay\debug\quanlimaybay.tlog\cl.write.1.tlog
c:\users\nguyen huynh minh\source\repos\quanlimaybay\quanlimaybay\debug\quanlimaybay.tlog\link-cvtres.read.1.tlog
c:\users\nguyen huynh minh\source\repos\quanlimaybay\quanlimaybay\debug\quanlimaybay.tlog\link-cvtres.write.1.tlog
c:\users\nguyen huynh minh\source\repos\quanlimaybay\quanlimaybay\debug\quanlimaybay.tlog\link-rc.read.1.tlog
c:\users\nguyen huynh minh\source\repos\quanlimaybay\quanlimaybay\debug\quanlimaybay.tlog\link-rc.write.1.tlog
c:\users\nguyen huynh minh\source\repos\quanlimaybay\quanlimaybay\debug\quanlimaybay.tlog\link.command.1.tlog
c:\users\nguyen huynh minh\source\repos\quanlimaybay\quanlimaybay\debug\quanlimaybay.tlog\link.read.1.tlog
c:\users\nguyen huynh minh\source\repos\quanlimaybay\quanlimaybay\debug\quanlimaybay.tlog\link.write.1.tlog
